2020-07-22 6:54:58 - PHP Warning:  unlink(C:/OpenServer/domains/localhost/Foodleco/system/storage/cache/cache.currency.1595345919): Permission denied in C:\OpenServer\domains\localhost\Foodleco\system\library\cache\file.php on line 17
2020-07-22 6:54:58 - PHP Warning:  unlink(C:/OpenServer/domains/localhost/Foodleco/system/storage/cache/cache.length_class.1.1595343880): Permission denied in C:\OpenServer\domains\localhost\Foodleco\system\library\cache\file.php on line 17
2020-07-22 6:54:58 - PHP Warning:  unlink(C:/OpenServer/domains/localhost/Foodleco/system/storage/cache/cache.order_status.1.1595343880): No such file or directory in C:\OpenServer\domains\localhost\Foodleco\system\library\cache\file.php on line 17
2020-07-22 6:54:58 - PHP Warning:  unlink(C:/OpenServer/domains/localhost/Foodleco/system/storage/cache/cache.return_status.1.1595343880): No such file or directory in C:\OpenServer\domains\localhost\Foodleco\system\library\cache\file.php on line 17
2020-07-22 6:54:58 - PHP Warning:  Cannot modify header information - headers already sent by (output started at C:\OpenServer\domains\localhost\Foodleco\system\framework.php:42) in C:\OpenServer\domains\localhost\Foodleco\catalog\controller\startup\session.php on line 25
2020-11-03 10:40:23 - PHP Notice:  Undefined index: image in /home/u654738340/domains/geescuisine.com/public_html/beta/admin/controller/extension/module/zemez_megamenu.php on line 97
2020-11-03 10:40:40 - PHP Notice:  Undefined index: submenu_show in /home/u654738340/domains/geescuisine.com/public_html/beta/catalog/controller/extension/module/zemez_megamenu.php on line 220
2020-11-03 10:40:40 - PHP Notice:  Undefined index: image in /home/u654738340/domains/geescuisine.com/public_html/beta/catalog/controller/extension/module/zemez_megamenu.php on line 222
2020-11-03 10:40:40 - PHP Notice:  Undefined index: columns-per-row in /home/u654738340/domains/geescuisine.com/public_html/beta/catalog/controller/extension/module/zemez_megamenu.php on line 234
2020-11-03 10:40:40 - PHP Notice:  Undefined index: type in /home/u654738340/domains/geescuisine.com/public_html/beta/catalog/controller/extension/module/zemez_megamenu.php on line 30
2020-11-03 10:40:40 - PHP Notice:  Undefined index: type in /home/u654738340/domains/geescuisine.com/public_html/beta/catalog/controller/extension/module/zemez_megamenu.php on line 220
2020-11-03 10:40:40 - PHP Notice:  Undefined index: type in /home/u654738340/domains/geescuisine.com/public_html/beta/catalog/controller/extension/module/zemez_megamenu.php on line 220
2020-11-03 10:40:41 - PHP Notice:  Undefined index: submenu_show in /home/u654738340/domains/geescuisine.com/public_html/beta/catalog/controller/extension/module/zemez_megamenu.php on line 220
2020-11-03 10:40:41 - PHP Notice:  Undefined index: image in /home/u654738340/domains/geescuisine.com/public_html/beta/catalog/controller/extension/module/zemez_megamenu.php on line 222
2020-11-03 10:40:41 - PHP Notice:  Undefined index: columns-per-row in /home/u654738340/domains/geescuisine.com/public_html/beta/catalog/controller/extension/module/zemez_megamenu.php on line 234
2020-11-03 10:40:41 - PHP Notice:  Undefined index: type in /home/u654738340/domains/geescuisine.com/public_html/beta/catalog/controller/extension/module/zemez_megamenu.php on line 30
2020-11-03 10:40:41 - PHP Notice:  Undefined index: type in /home/u654738340/domains/geescuisine.com/public_html/beta/catalog/controller/extension/module/zemez_megamenu.php on line 220
2020-11-03 10:40:41 - PHP Notice:  Undefined index: type in /home/u654738340/domains/geescuisine.com/public_html/beta/catalog/controller/extension/module/zemez_megamenu.php on line 220
2020-11-03 10:51:16 - PHP Notice:  Undefined index: submenu_show in /home/u654738340/domains/geescuisine.com/public_html/beta/catalog/controller/extension/module/zemez_megamenu.php on line 220
2020-11-03 10:51:16 - PHP Notice:  Undefined index: image in /home/u654738340/domains/geescuisine.com/public_html/beta/catalog/controller/extension/module/zemez_megamenu.php on line 222
2020-11-03 10:51:16 - PHP Notice:  Undefined index: columns-per-row in /home/u654738340/domains/geescuisine.com/public_html/beta/catalog/controller/extension/module/zemez_megamenu.php on line 234
2020-11-03 10:51:16 - PHP Notice:  Undefined index: type in /home/u654738340/domains/geescuisine.com/public_html/beta/catalog/controller/extension/module/zemez_megamenu.php on line 30
2020-11-03 10:51:16 - PHP Notice:  Undefined index: type in /home/u654738340/domains/geescuisine.com/public_html/beta/catalog/controller/extension/module/zemez_megamenu.php on line 220
2020-11-03 10:51:16 - PHP Notice:  Undefined index: type in /home/u654738340/domains/geescuisine.com/public_html/beta/catalog/controller/extension/module/zemez_megamenu.php on line 220
2020-11-03 10:51:18 - PHP Notice:  Undefined index: submenu_show in /home/u654738340/domains/geescuisine.com/public_html/beta/catalog/controller/extension/module/zemez_megamenu.php on line 220
2020-11-03 10:51:18 - PHP Notice:  Undefined index: image in /home/u654738340/domains/geescuisine.com/public_html/beta/catalog/controller/extension/module/zemez_megamenu.php on line 222
2020-11-03 10:51:18 - PHP Notice:  Undefined index: columns-per-row in /home/u654738340/domains/geescuisine.com/public_html/beta/catalog/controller/extension/module/zemez_megamenu.php on line 234
2020-11-03 10:51:18 - PHP Notice:  Undefined index: type in /home/u654738340/domains/geescuisine.com/public_html/beta/catalog/controller/extension/module/zemez_megamenu.php on line 30
2020-11-03 10:51:18 - PHP Notice:  Undefined index: type in /home/u654738340/domains/geescuisine.com/public_html/beta/catalog/controller/extension/module/zemez_megamenu.php on line 220
2020-11-03 10:51:18 - PHP Notice:  Undefined index: type in /home/u654738340/domains/geescuisine.com/public_html/beta/catalog/controller/extension/module/zemez_megamenu.php on line 220
2020-11-03 11:04:07 - PHP Notice:  Undefined index: submenu_show in /home/u654738340/domains/geescuisine.com/public_html/beta/catalog/controller/extension/module/zemez_megamenu.php on line 220
2020-11-03 11:04:07 - PHP Notice:  Undefined index: image in /home/u654738340/domains/geescuisine.com/public_html/beta/catalog/controller/extension/module/zemez_megamenu.php on line 222
2020-11-03 11:04:07 - PHP Notice:  Undefined index: columns-per-row in /home/u654738340/domains/geescuisine.com/public_html/beta/catalog/controller/extension/module/zemez_megamenu.php on line 234
2020-11-03 11:04:07 - PHP Notice:  Undefined index: type in /home/u654738340/domains/geescuisine.com/public_html/beta/catalog/controller/extension/module/zemez_megamenu.php on line 30
2020-11-03 11:04:07 - PHP Notice:  Undefined index: type in /home/u654738340/domains/geescuisine.com/public_html/beta/catalog/controller/extension/module/zemez_megamenu.php on line 220
2020-11-03 11:04:07 - PHP Notice:  Undefined index: type in /home/u654738340/domains/geescuisine.com/public_html/beta/catalog/controller/extension/module/zemez_megamenu.php on line 220
2020-11-03 11:04:08 - PHP Notice:  Undefined index: submenu_show in /home/u654738340/domains/geescuisine.com/public_html/beta/catalog/controller/extension/module/zemez_megamenu.php on line 220
2020-11-03 11:04:08 - PHP Notice:  Undefined index: image in /home/u654738340/domains/geescuisine.com/public_html/beta/catalog/controller/extension/module/zemez_megamenu.php on line 222
2020-11-03 11:04:08 - PHP Notice:  Undefined index: columns-per-row in /home/u654738340/domains/geescuisine.com/public_html/beta/catalog/controller/extension/module/zemez_megamenu.php on line 234
2020-11-03 11:04:08 - PHP Notice:  Undefined index: type in /home/u654738340/domains/geescuisine.com/public_html/beta/catalog/controller/extension/module/zemez_megamenu.php on line 30
2020-11-03 11:04:08 - PHP Notice:  Undefined index: type in /home/u654738340/domains/geescuisine.com/public_html/beta/catalog/controller/extension/module/zemez_megamenu.php on line 220
2020-11-03 11:04:08 - PHP Notice:  Undefined index: type in /home/u654738340/domains/geescuisine.com/public_html/beta/catalog/controller/extension/module/zemez_megamenu.php on line 220
2020-11-03 11:04:12 - PHP Notice:  Undefined index: submenu_show in /home/u654738340/domains/geescuisine.com/public_html/beta/catalog/controller/extension/module/zemez_megamenu.php on line 220
2020-11-03 11:04:12 - PHP Notice:  Undefined index: image in /home/u654738340/domains/geescuisine.com/public_html/beta/catalog/controller/extension/module/zemez_megamenu.php on line 222
2020-11-03 11:04:12 - PHP Notice:  Undefined index: columns-per-row in /home/u654738340/domains/geescuisine.com/public_html/beta/catalog/controller/extension/module/zemez_megamenu.php on line 234
2020-11-03 11:04:12 - PHP Notice:  Undefined index: type in /home/u654738340/domains/geescuisine.com/public_html/beta/catalog/controller/extension/module/zemez_megamenu.php on line 30
2020-11-03 11:04:12 - PHP Notice:  Undefined index: type in /home/u654738340/domains/geescuisine.com/public_html/beta/catalog/controller/extension/module/zemez_megamenu.php on line 220
2020-11-03 11:04:12 - PHP Notice:  Undefined index: type in /home/u654738340/domains/geescuisine.com/public_html/beta/catalog/controller/extension/module/zemez_megamenu.php on line 220
2020-11-03 11:04:13 - PHP Notice:  Undefined index: submenu_show in /home/u654738340/domains/geescuisine.com/public_html/beta/catalog/controller/extension/module/zemez_megamenu.php on line 220
2020-11-03 11:04:13 - PHP Notice:  Undefined index: image in /home/u654738340/domains/geescuisine.com/public_html/beta/catalog/controller/extension/module/zemez_megamenu.php on line 222
2020-11-03 11:04:13 - PHP Notice:  Undefined index: columns-per-row in /home/u654738340/domains/geescuisine.com/public_html/beta/catalog/controller/extension/module/zemez_megamenu.php on line 234
2020-11-03 11:04:13 - PHP Notice:  Undefined index: type in /home/u654738340/domains/geescuisine.com/public_html/beta/catalog/controller/extension/module/zemez_megamenu.php on line 30
2020-11-03 11:04:13 - PHP Notice:  Undefined index: type in /home/u654738340/domains/geescuisine.com/public_html/beta/catalog/controller/extension/module/zemez_megamenu.php on line 220
2020-11-03 11:04:13 - PHP Notice:  Undefined index: type in /home/u654738340/domains/geescuisine.com/public_html/beta/catalog/controller/extension/module/zemez_megamenu.php on line 220
2020-11-03 11:04:30 - PHP Notice:  Undefined index: image in /home/u654738340/domains/geescuisine.com/public_html/beta/admin/controller/extension/module/zemez_megamenu.php on line 97
2020-11-03 11:04:54 - PHP Notice:  Undefined index: submenu_show in /home/u654738340/domains/geescuisine.com/public_html/beta/catalog/controller/extension/module/zemez_megamenu.php on line 220
2020-11-03 11:04:54 - PHP Notice:  Undefined index: image in /home/u654738340/domains/geescuisine.com/public_html/beta/catalog/controller/extension/module/zemez_megamenu.php on line 222
2020-11-03 11:04:54 - PHP Notice:  Undefined index: columns-per-row in /home/u654738340/domains/geescuisine.com/public_html/beta/catalog/controller/extension/module/zemez_megamenu.php on line 234
2020-11-03 11:04:54 - PHP Notice:  Undefined index: type in /home/u654738340/domains/geescuisine.com/public_html/beta/catalog/controller/extension/module/zemez_megamenu.php on line 30
2020-11-03 11:04:54 - PHP Notice:  Undefined index: type in /home/u654738340/domains/geescuisine.com/public_html/beta/catalog/controller/extension/module/zemez_megamenu.php on line 220
2020-11-03 11:04:54 - PHP Notice:  Undefined index: type in /home/u654738340/domains/geescuisine.com/public_html/beta/catalog/controller/extension/module/zemez_megamenu.php on line 220
2020-11-03 11:04:54 - PHP Notice:  Undefined index: submenu_show in /home/u654738340/domains/geescuisine.com/public_html/beta/catalog/controller/extension/module/zemez_megamenu.php on line 220
2020-11-03 11:04:54 - PHP Notice:  Undefined index: image in /home/u654738340/domains/geescuisine.com/public_html/beta/catalog/controller/extension/module/zemez_megamenu.php on line 222
2020-11-03 11:04:54 - PHP Notice:  Undefined index: columns-per-row in /home/u654738340/domains/geescuisine.com/public_html/beta/catalog/controller/extension/module/zemez_megamenu.php on line 234
2020-11-03 11:04:54 - PHP Notice:  Undefined index: type in /home/u654738340/domains/geescuisine.com/public_html/beta/catalog/controller/extension/module/zemez_megamenu.php on line 30
2020-11-03 11:04:54 - PHP Notice:  Undefined index: type in /home/u654738340/domains/geescuisine.com/public_html/beta/catalog/controller/extension/module/zemez_megamenu.php on line 220
2020-11-03 11:04:54 - PHP Notice:  Undefined index: type in /home/u654738340/domains/geescuisine.com/public_html/beta/catalog/controller/extension/module/zemez_megamenu.php on line 220
2020-11-03 11:04:57 - PHP Notice:  Undefined index: submenu_show in /home/u654738340/domains/geescuisine.com/public_html/beta/catalog/controller/extension/module/zemez_megamenu.php on line 220
2020-11-03 11:04:57 - PHP Notice:  Undefined index: image in /home/u654738340/domains/geescuisine.com/public_html/beta/catalog/controller/extension/module/zemez_megamenu.php on line 222
2020-11-03 11:04:57 - PHP Notice:  Undefined index: columns-per-row in /home/u654738340/domains/geescuisine.com/public_html/beta/catalog/controller/extension/module/zemez_megamenu.php on line 234
2020-11-03 11:04:57 - PHP Notice:  Undefined index: type in /home/u654738340/domains/geescuisine.com/public_html/beta/catalog/controller/extension/module/zemez_megamenu.php on line 30
2020-11-03 11:04:57 - PHP Notice:  Undefined index: type in /home/u654738340/domains/geescuisine.com/public_html/beta/catalog/controller/extension/module/zemez_megamenu.php on line 220
2020-11-03 11:04:57 - PHP Notice:  Undefined index: type in /home/u654738340/domains/geescuisine.com/public_html/beta/catalog/controller/extension/module/zemez_megamenu.php on line 220
2020-11-03 11:04:58 - PHP Notice:  Undefined index: submenu_show in /home/u654738340/domains/geescuisine.com/public_html/beta/catalog/controller/extension/module/zemez_megamenu.php on line 220
2020-11-03 11:04:58 - PHP Notice:  Undefined index: image in /home/u654738340/domains/geescuisine.com/public_html/beta/catalog/controller/extension/module/zemez_megamenu.php on line 222
2020-11-03 11:04:58 - PHP Notice:  Undefined index: columns-per-row in /home/u654738340/domains/geescuisine.com/public_html/beta/catalog/controller/extension/module/zemez_megamenu.php on line 234
2020-11-03 11:04:58 - PHP Notice:  Undefined index: type in /home/u654738340/domains/geescuisine.com/public_html/beta/catalog/controller/extension/module/zemez_megamenu.php on line 30
2020-11-03 11:04:58 - PHP Notice:  Undefined index: type in /home/u654738340/domains/geescuisine.com/public_html/beta/catalog/controller/extension/module/zemez_megamenu.php on line 220
2020-11-03 11:04:58 - PHP Notice:  Undefined index: type in /home/u654738340/domains/geescuisine.com/public_html/beta/catalog/controller/extension/module/zemez_megamenu.php on line 220
2020-11-03 11:05:05 - PHP Notice:  Undefined index: image in /home/u654738340/domains/geescuisine.com/public_html/beta/admin/controller/extension/module/zemez_megamenu.php on line 97
2020-12-05 6:19:33 - PHP Warning:  Error while sending QUERY packet. PID=2714672 in /home/u654738340/domains/geescuisine.com/public_html/beta/system/library/db/mysqli.php on line 18
2020-12-05 6:20:31 - PHP Warning:  Error while sending QUERY packet. PID=2743210 in /home/u654738340/domains/geescuisine.com/public_html/beta/system/library/db/mysqli.php on line 18
2020-12-05 6:53:24 - PHP Warning:  Error while sending QUERY packet. PID=3647228 in /home/u654738340/domains/geescuisine.com/public_html/beta/system/library/db/mysqli.php on line 18
2020-12-05 8:53:44 - PHP Warning:  Error while sending QUERY packet. PID=3016222 in /home/u654738340/domains/geescuisine.com/public_html/beta/system/library/db/mysqli.php on line 18
2021-01-09 14:39:57 - PHP Notice:  Undefined index: key in /home/u654738340/domains/geescuisine.com/public_html/beta/admin/controller/design/translation.php on line 412
2021-01-09 14:40:16 - PHP Notice:  Undefined index: key in /home/u654738340/domains/geescuisine.com/public_html/beta/admin/controller/design/translation.php on line 412
